mode: set
github.com/NCCloud/tabby-cni/controllers/network_controller.go:70.99,74.16 3 0
github.com/NCCloud/tabby-cni/controllers/network_controller.go:80.2,86.16 5 0
github.com/NCCloud/tabby-cni/controllers/network_controller.go:97.2,97.98 1 0
github.com/NCCloud/tabby-cni/controllers/network_controller.go:112.2,113.32 2 0
github.com/NCCloud/tabby-cni/controllers/network_controller.go:160.2,161.16 2 0
github.com/NCCloud/tabby-cni/controllers/network_controller.go:165.2,166.16 2 0
github.com/NCCloud/tabby-cni/controllers/network_controller.go:172.2,172.56 1 0
github.com/NCCloud/tabby-cni/controllers/network_controller.go:178.2,178.44 1 0
github.com/NCCloud/tabby-cni/controllers/network_controller.go:186.2,186.33 1 0
github.com/NCCloud/tabby-cni/controllers/network_controller.go:193.2,196.27 3 0
github.com/NCCloud/tabby-cni/controllers/network_controller.go:74.16,77.3 2 0
github.com/NCCloud/tabby-cni/controllers/network_controller.go:86.16,87.29 1 0
github.com/NCCloud/tabby-cni/controllers/network_controller.go:91.3,91.28 1 0
github.com/NCCloud/tabby-cni/controllers/network_controller.go:87.29,90.4 2 0
github.com/NCCloud/tabby-cni/controllers/network_controller.go:97.98,99.104 2 0
github.com/NCCloud/tabby-cni/controllers/network_controller.go:104.3,104.47 1 0
github.com/NCCloud/tabby-cni/controllers/network_controller.go:99.104,102.4 2 0
github.com/NCCloud/tabby-cni/controllers/network_controller.go:104.47,107.4 2 0
github.com/NCCloud/tabby-cni/controllers/network_controller.go:113.32,114.98 1 0
github.com/NCCloud/tabby-cni/controllers/network_controller.go:155.3,155.28 1 0
github.com/NCCloud/tabby-cni/controllers/network_controller.go:114.98,129.66 2 0
github.com/NCCloud/tabby-cni/controllers/network_controller.go:133.4,136.50 2 0
github.com/NCCloud/tabby-cni/controllers/network_controller.go:140.4,140.52 1 0
github.com/NCCloud/tabby-cni/controllers/network_controller.go:144.4,145.108 2 0
github.com/NCCloud/tabby-cni/controllers/network_controller.go:150.4,150.49 1 0
github.com/NCCloud/tabby-cni/controllers/network_controller.go:129.66,132.5 2 0
github.com/NCCloud/tabby-cni/controllers/network_controller.go:136.50,138.5 1 0
github.com/NCCloud/tabby-cni/controllers/network_controller.go:140.52,142.5 1 0
github.com/NCCloud/tabby-cni/controllers/network_controller.go:145.108,148.5 2 0
github.com/NCCloud/tabby-cni/controllers/network_controller.go:150.49,153.5 2 0
github.com/NCCloud/tabby-cni/controllers/network_controller.go:161.16,163.3 1 0
github.com/NCCloud/tabby-cni/controllers/network_controller.go:166.16,169.3 2 0
github.com/NCCloud/tabby-cni/controllers/network_controller.go:172.56,175.3 2 0
github.com/NCCloud/tabby-cni/controllers/network_controller.go:178.44,179.40 1 0
github.com/NCCloud/tabby-cni/controllers/network_controller.go:179.40,182.4 2 0
github.com/NCCloud/tabby-cni/controllers/network_controller.go:186.33,187.126 1 0
github.com/NCCloud/tabby-cni/controllers/network_controller.go:187.126,190.4 2 0
github.com/NCCloud/tabby-cni/controllers/network_controller.go:200.70,204.2 1 0
github.com/NCCloud/tabby-cni/controllers/network_controller.go:206.117,210.67 3 0
github.com/NCCloud/tabby-cni/controllers/network_controller.go:214.2,214.59 1 0
github.com/NCCloud/tabby-cni/controllers/network_controller.go:222.2,224.50 2 0
github.com/NCCloud/tabby-cni/controllers/network_controller.go:228.2,228.77 1 0
github.com/NCCloud/tabby-cni/controllers/network_controller.go:232.2,232.12 1 0
github.com/NCCloud/tabby-cni/controllers/network_controller.go:210.67,212.3 1 0
github.com/NCCloud/tabby-cni/controllers/network_controller.go:214.59,216.3 1 0
github.com/NCCloud/tabby-cni/controllers/network_controller.go:224.50,226.3 1 0
github.com/NCCloud/tabby-cni/controllers/network_controller.go:228.77,230.3 1 0
github.com/NCCloud/tabby-cni/controllers/network_controller.go:235.42,242.50 1 0
github.com/NCCloud/tabby-cni/controllers/network_controller.go:246.2,246.12 1 0
github.com/NCCloud/tabby-cni/controllers/network_controller.go:242.50,244.3 1 0
github.com/NCCloud/tabby-cni/controllers/network_controller.go:249.38,250.12 1 0
github.com/NCCloud/tabby-cni/controllers/network_controller.go:253.2,253.26 1 0
github.com/NCCloud/tabby-cni/controllers/network_controller.go:256.2,256.23 1 0
github.com/NCCloud/tabby-cni/controllers/network_controller.go:259.2,259.43 1 0
github.com/NCCloud/tabby-cni/controllers/network_controller.go:262.2,262.13 1 0
github.com/NCCloud/tabby-cni/controllers/network_controller.go:250.12,252.3 1 0
github.com/NCCloud/tabby-cni/controllers/network_controller.go:253.26,255.3 1 0
github.com/NCCloud/tabby-cni/controllers/network_controller.go:256.23,258.3 1 0
github.com/NCCloud/tabby-cni/controllers/network_controller.go:259.43,261.3 1 0
github.com/NCCloud/tabby-cni/controllers/network_controller.go:265.50,269.16 3 0
github.com/NCCloud/tabby-cni/controllers/network_controller.go:272.2,273.16 2 0
github.com/NCCloud/tabby-cni/controllers/network_controller.go:277.2,278.16 2 0
github.com/NCCloud/tabby-cni/controllers/network_controller.go:282.2,283.16 2 0
github.com/NCCloud/tabby-cni/controllers/network_controller.go:287.2,287.30 1 0
github.com/NCCloud/tabby-cni/controllers/network_controller.go:293.2,293.19 1 0
github.com/NCCloud/tabby-cni/controllers/network_controller.go:297.2,303.41 2 0
github.com/NCCloud/tabby-cni/controllers/network_controller.go:307.2,307.12 1 0
github.com/NCCloud/tabby-cni/controllers/network_controller.go:269.16,271.3 1 0
github.com/NCCloud/tabby-cni/controllers/network_controller.go:273.16,275.3 1 0
github.com/NCCloud/tabby-cni/controllers/network_controller.go:278.16,280.3 1 0
github.com/NCCloud/tabby-cni/controllers/network_controller.go:283.16,285.3 1 0
github.com/NCCloud/tabby-cni/controllers/network_controller.go:287.30,288.28 1 0
github.com/NCCloud/tabby-cni/controllers/network_controller.go:288.28,290.4 1 0
github.com/NCCloud/tabby-cni/controllers/network_controller.go:293.19,295.3 1 0
github.com/NCCloud/tabby-cni/controllers/network_controller.go:303.41,305.3 1 0
