mode: set
github.com/NCCloud/tabby-cni/main.go:47.13,54.2 3 0
github.com/NCCloud/tabby-cni/main.go:56.13,79.16 11 0
github.com/NCCloud/tabby-cni/main.go:79.16,82.3 2 0
github.com/NCCloud/tabby-cni/main.go:84.2,87.39 1 0
github.com/NCCloud/tabby-cni/main.go:87.39,90.3 2 0
github.com/NCCloud/tabby-cni/main.go:91.2,94.39 1 0
github.com/NCCloud/tabby-cni/main.go:94.39,97.3 2 0
github.com/NCCloud/tabby-cni/main.go:98.2,98.43 1 0
github.com/NCCloud/tabby-cni/main.go:98.43,102.40 1 0
github.com/NCCloud/tabby-cni/main.go:102.40,105.4 2 0
github.com/NCCloud/tabby-cni/main.go:109.2,109.69 1 0
github.com/NCCloud/tabby-cni/main.go:109.69,112.3 2 0
github.com/NCCloud/tabby-cni/main.go:113.2,113.67 1 0
github.com/NCCloud/tabby-cni/main.go:113.67,116.3 2 0
github.com/NCCloud/tabby-cni/main.go:118.2,119.61 2 0
github.com/NCCloud/tabby-cni/main.go:119.61,122.3 2 0
github.com/NCCloud/tabby-cni/api/v1alpha1/network_types.go:94.13,96.2 1 0
github.com/NCCloud/tabby-cni/api/v1alpha1/networkattachment_types.go:65.13,67.2 1 0
github.com/NCCloud/tabby-cni/api/v1alpha1/zz_generated.deepcopy.go:29.45,31.21 2 0
github.com/NCCloud/tabby-cni/api/v1alpha1/zz_generated.deepcopy.go:31.21,35.3 3 0
github.com/NCCloud/tabby-cni/api/v1alpha1/zz_generated.deepcopy.go:39.38,40.15 1 0
github.com/NCCloud/tabby-cni/api/v1alpha1/zz_generated.deepcopy.go:40.15,42.3 1 0
github.com/NCCloud/tabby-cni/api/v1alpha1/zz_generated.deepcopy.go:43.2,45.12 3 0
github.com/NCCloud/tabby-cni/api/v1alpha1/zz_generated.deepcopy.go:49.53,51.22 2 0
github.com/NCCloud/tabby-cni/api/v1alpha1/zz_generated.deepcopy.go:51.22,55.3 3 0
github.com/NCCloud/tabby-cni/api/v1alpha1/zz_generated.deepcopy.go:59.46,60.15 1 0
github.com/NCCloud/tabby-cni/api/v1alpha1/zz_generated.deepcopy.go:60.15,62.3 1 0
github.com/NCCloud/tabby-cni/api/v1alpha1/zz_generated.deepcopy.go:63.2,65.12 3 0
github.com/NCCloud/tabby-cni/api/v1alpha1/zz_generated.deepcopy.go:69.47,75.2 5 0
github.com/NCCloud/tabby-cni/api/v1alpha1/zz_generated.deepcopy.go:78.40,79.15 1 0
github.com/NCCloud/tabby-cni/api/v1alpha1/zz_generated.deepcopy.go:79.15,81.3 1 0
github.com/NCCloud/tabby-cni/api/v1alpha1/zz_generated.deepcopy.go:82.2,84.12 3 0
github.com/NCCloud/tabby-cni/api/v1alpha1/zz_generated.deepcopy.go:88.52,89.34 1 0
github.com/NCCloud/tabby-cni/api/v1alpha1/zz_generated.deepcopy.go:89.34,91.3 1 0
github.com/NCCloud/tabby-cni/api/v1alpha1/zz_generated.deepcopy.go:92.2,92.12 1 0
github.com/NCCloud/tabby-cni/api/v1alpha1/zz_generated.deepcopy.go:96.67,102.2 5 0
github.com/NCCloud/tabby-cni/api/v1alpha1/zz_generated.deepcopy.go:105.60,106.15 1 0
github.com/NCCloud/tabby-cni/api/v1alpha1/zz_generated.deepcopy.go:106.15,108.3 1 0
github.com/NCCloud/tabby-cni/api/v1alpha1/zz_generated.deepcopy.go:109.2,111.12 3 0
github.com/NCCloud/tabby-cni/api/v1alpha1/zz_generated.deepcopy.go:115.62,116.34 1 0
github.com/NCCloud/tabby-cni/api/v1alpha1/zz_generated.deepcopy.go:116.34,118.3 1 0
github.com/NCCloud/tabby-cni/api/v1alpha1/zz_generated.deepcopy.go:119.2,119.12 1 0
github.com/NCCloud/tabby-cni/api/v1alpha1/zz_generated.deepcopy.go:123.75,127.21 4 0
github.com/NCCloud/tabby-cni/api/v1alpha1/zz_generated.deepcopy.go:127.21,130.22 3 0
github.com/NCCloud/tabby-cni/api/v1alpha1/zz_generated.deepcopy.go:130.22,132.4 1 0
github.com/NCCloud/tabby-cni/api/v1alpha1/zz_generated.deepcopy.go:137.68,138.15 1 0
github.com/NCCloud/tabby-cni/api/v1alpha1/zz_generated.deepcopy.go:138.15,140.3 1 0
github.com/NCCloud/tabby-cni/api/v1alpha1/zz_generated.deepcopy.go:141.2,143.12 3 0
github.com/NCCloud/tabby-cni/api/v1alpha1/zz_generated.deepcopy.go:147.66,148.34 1 0
github.com/NCCloud/tabby-cni/api/v1alpha1/zz_generated.deepcopy.go:148.34,150.3 1 0
github.com/NCCloud/tabby-cni/api/v1alpha1/zz_generated.deepcopy.go:151.2,151.12 1 0
github.com/NCCloud/tabby-cni/api/v1alpha1/zz_generated.deepcopy.go:155.75,157.22 2 0
github.com/NCCloud/tabby-cni/api/v1alpha1/zz_generated.deepcopy.go:157.22,160.22 3 0
github.com/NCCloud/tabby-cni/api/v1alpha1/zz_generated.deepcopy.go:160.22,162.4 1 0
github.com/NCCloud/tabby-cni/api/v1alpha1/zz_generated.deepcopy.go:164.2,165.22 2 0
github.com/NCCloud/tabby-cni/api/v1alpha1/zz_generated.deepcopy.go:165.22,169.3 3 0
github.com/NCCloud/tabby-cni/api/v1alpha1/zz_generated.deepcopy.go:170.2,170.29 1 0
github.com/NCCloud/tabby-cni/api/v1alpha1/zz_generated.deepcopy.go:170.29,173.22 3 0
github.com/NCCloud/tabby-cni/api/v1alpha1/zz_generated.deepcopy.go:173.22,175.4 1 0
github.com/NCCloud/tabby-cni/api/v1alpha1/zz_generated.deepcopy.go:180.68,181.15 1 0
github.com/NCCloud/tabby-cni/api/v1alpha1/zz_generated.deepcopy.go:181.15,183.3 1 0
github.com/NCCloud/tabby-cni/api/v1alpha1/zz_generated.deepcopy.go:184.2,186.12 3 0
github.com/NCCloud/tabby-cni/api/v1alpha1/zz_generated.deepcopy.go:190.79,192.2 1 0
github.com/NCCloud/tabby-cni/api/v1alpha1/zz_generated.deepcopy.go:195.72,196.15 1 0
github.com/NCCloud/tabby-cni/api/v1alpha1/zz_generated.deepcopy.go:196.15,198.3 1 0
github.com/NCCloud/tabby-cni/api/v1alpha1/zz_generated.deepcopy.go:199.2,201.12 3 0
github.com/NCCloud/tabby-cni/api/v1alpha1/zz_generated.deepcopy.go:205.55,209.21 4 0
github.com/NCCloud/tabby-cni/api/v1alpha1/zz_generated.deepcopy.go:209.21,212.22 3 0
github.com/NCCloud/tabby-cni/api/v1alpha1/zz_generated.deepcopy.go:212.22,214.4 1 0
github.com/NCCloud/tabby-cni/api/v1alpha1/zz_generated.deepcopy.go:219.48,220.15 1 0
github.com/NCCloud/tabby-cni/api/v1alpha1/zz_generated.deepcopy.go:220.15,222.3 1 0
github.com/NCCloud/tabby-cni/api/v1alpha1/zz_generated.deepcopy.go:223.2,225.12 3 0
github.com/NCCloud/tabby-cni/api/v1alpha1/zz_generated.deepcopy.go:229.56,230.34 1 0
github.com/NCCloud/tabby-cni/api/v1alpha1/zz_generated.deepcopy.go:230.34,232.3 1 0
github.com/NCCloud/tabby-cni/api/v1alpha1/zz_generated.deepcopy.go:233.2,233.12 1 0
github.com/NCCloud/tabby-cni/api/v1alpha1/zz_generated.deepcopy.go:237.55,239.22 2 0
github.com/NCCloud/tabby-cni/api/v1alpha1/zz_generated.deepcopy.go:239.22,242.22 3 0
github.com/NCCloud/tabby-cni/api/v1alpha1/zz_generated.deepcopy.go:242.22,244.4 1 0
github.com/NCCloud/tabby-cni/api/v1alpha1/zz_generated.deepcopy.go:246.2,247.22 2 0
github.com/NCCloud/tabby-cni/api/v1alpha1/zz_generated.deepcopy.go:247.22,251.3 3 0
github.com/NCCloud/tabby-cni/api/v1alpha1/zz_generated.deepcopy.go:252.2,252.29 1 0
github.com/NCCloud/tabby-cni/api/v1alpha1/zz_generated.deepcopy.go:252.29,255.22 3 0
github.com/NCCloud/tabby-cni/api/v1alpha1/zz_generated.deepcopy.go:255.22,257.4 1 0
github.com/NCCloud/tabby-cni/api/v1alpha1/zz_generated.deepcopy.go:262.48,263.15 1 0
github.com/NCCloud/tabby-cni/api/v1alpha1/zz_generated.deepcopy.go:263.15,265.3 1 0
github.com/NCCloud/tabby-cni/api/v1alpha1/zz_generated.deepcopy.go:266.2,268.12 3 0
github.com/NCCloud/tabby-cni/api/v1alpha1/zz_generated.deepcopy.go:272.59,274.2 1 0
github.com/NCCloud/tabby-cni/api/v1alpha1/zz_generated.deepcopy.go:277.52,278.15 1 0
github.com/NCCloud/tabby-cni/api/v1alpha1/zz_generated.deepcopy.go:278.15,280.3 1 0
github.com/NCCloud/tabby-cni/api/v1alpha1/zz_generated.deepcopy.go:281.2,283.12 3 0
github.com/NCCloud/tabby-cni/api/v1alpha1/zz_generated.deepcopy.go:287.41,289.2 1 0
github.com/NCCloud/tabby-cni/api/v1alpha1/zz_generated.deepcopy.go:292.34,293.15 1 0
github.com/NCCloud/tabby-cni/api/v1alpha1/zz_generated.deepcopy.go:293.15,295.3 1 0
github.com/NCCloud/tabby-cni/api/v1alpha1/zz_generated.deepcopy.go:296.2,298.12 3 0
github.com/NCCloud/tabby-cni/api/v1alpha1/zz_generated.deepcopy.go:302.43,304.2 1 0
github.com/NCCloud/tabby-cni/api/v1alpha1/zz_generated.deepcopy.go:307.36,308.15 1 0
github.com/NCCloud/tabby-cni/api/v1alpha1/zz_generated.deepcopy.go:308.15,310.3 1 0
github.com/NCCloud/tabby-cni/api/v1alpha1/zz_generated.deepcopy.go:311.2,313.12 3 0
github.com/NCCloud/tabby-cni/pkg/ebtables/ebtables.go:16.69,18.60 2 0
github.com/NCCloud/tabby-cni/pkg/ebtables/ebtables.go:18.60,19.38 1 0
github.com/NCCloud/tabby-cni/pkg/ebtables/ebtables.go:19.38,21.4 1 0
github.com/NCCloud/tabby-cni/pkg/ebtables/ebtables.go:23.2,23.14 1 0
github.com/NCCloud/tabby-cni/pkg/ebtables/ebtables.go:26.83,28.2 1 0
github.com/NCCloud/tabby-cni/pkg/ebtables/ebtables.go:30.36,34.16 3 0
github.com/NCCloud/tabby-cni/pkg/ebtables/ebtables.go:34.16,36.3 1 0
github.com/NCCloud/tabby-cni/pkg/ebtables/ebtables.go:38.2,40.11 2 0
github.com/NCCloud/tabby-cni/pkg/ebtables/ebtables.go:40.11,46.3 1 0
github.com/NCCloud/tabby-cni/pkg/ebtables/ebtables.go:46.8,56.17 5 0
github.com/NCCloud/tabby-cni/pkg/ebtables/ebtables.go:56.17,58.4 1 0
github.com/NCCloud/tabby-cni/pkg/ebtables/ebtables.go:61.2,61.12 1 0
github.com/NCCloud/tabby-cni/pkg/ebtables/ebtables.go:64.46,67.16 3 0
github.com/NCCloud/tabby-cni/pkg/ebtables/ebtables.go:67.16,69.3 1 0
github.com/NCCloud/tabby-cni/pkg/ebtables/ebtables.go:71.2,71.59 1 0
github.com/NCCloud/tabby-cni/pkg/ebtables/ebtables.go:71.59,72.37 1 0
github.com/NCCloud/tabby-cni/pkg/ebtables/ebtables.go:72.37,73.61 1 0
github.com/NCCloud/tabby-cni/pkg/ebtables/ebtables.go:73.61,76.5 1 0
github.com/NCCloud/tabby-cni/pkg/ebtables/ebtables.go:80.2,80.12 1 0
github.com/NCCloud/tabby-cni/pkg/ebtables/ebtables.go:83.36,88.16 5 0
github.com/NCCloud/tabby-cni/pkg/ebtables/ebtables.go:88.16,90.3 1 0
github.com/NCCloud/tabby-cni/pkg/ebtables/ebtables.go:91.2,91.12 1 0
github.com/NCCloud/tabby-cni/pkg/iptables/iptables.go:24.39,27.23 2 0
github.com/NCCloud/tabby-cni/pkg/iptables/iptables.go:27.23,29.3 1 0
github.com/NCCloud/tabby-cni/pkg/iptables/iptables.go:31.2,31.28 1 0
github.com/NCCloud/tabby-cni/pkg/iptables/iptables.go:31.28,33.3 1 0
github.com/NCCloud/tabby-cni/pkg/iptables/iptables.go:35.2,35.23 1 0
github.com/NCCloud/tabby-cni/pkg/iptables/iptables.go:35.23,37.3 1 0
github.com/NCCloud/tabby-cni/pkg/iptables/iptables.go:39.2,39.24 1 0
github.com/NCCloud/tabby-cni/pkg/iptables/iptables.go:39.24,41.3 1 0
github.com/NCCloud/tabby-cni/pkg/iptables/iptables.go:43.2,43.24 1 0
github.com/NCCloud/tabby-cni/pkg/iptables/iptables.go:43.24,45.3 1 0
github.com/NCCloud/tabby-cni/pkg/iptables/iptables.go:47.2,47.20 1 0
github.com/NCCloud/tabby-cni/pkg/iptables/iptables.go:50.87,57.25 2 0
github.com/NCCloud/tabby-cni/pkg/iptables/iptables.go:57.25,59.17 2 0
github.com/NCCloud/tabby-cni/pkg/iptables/iptables.go:59.17,61.4 1 0
github.com/NCCloud/tabby-cni/pkg/iptables/iptables.go:63.3,64.28 2 0
github.com/NCCloud/tabby-cni/pkg/iptables/iptables.go:64.28,66.4 1 0
github.com/NCCloud/tabby-cni/pkg/iptables/iptables.go:68.3,69.27 2 0
github.com/NCCloud/tabby-cni/pkg/iptables/iptables.go:76.2,92.16 3 0
github.com/NCCloud/tabby-cni/pkg/iptables/iptables.go:92.16,94.3 1 0
github.com/NCCloud/tabby-cni/pkg/iptables/iptables.go:96.2,98.27 2 0
github.com/NCCloud/tabby-cni/pkg/iptables/iptables.go:98.27,106.3 1 0
github.com/NCCloud/tabby-cni/pkg/iptables/iptables.go:108.2,108.28 1 0
github.com/NCCloud/tabby-cni/pkg/iptables/iptables.go:108.28,112.12 3 0
github.com/NCCloud/tabby-cni/pkg/iptables/iptables.go:112.12,118.4 1 0
github.com/NCCloud/tabby-cni/pkg/iptables/iptables.go:118.9,126.18 3 0
github.com/NCCloud/tabby-cni/pkg/iptables/iptables.go:126.18,128.5 1 0
github.com/NCCloud/tabby-cni/pkg/iptables/iptables.go:132.2,132.12 1 0
github.com/NCCloud/tabby-cni/pkg/iptables/iptables.go:135.36,137.16 2 0
github.com/NCCloud/tabby-cni/pkg/iptables/iptables.go:137.16,139.3 1 0
github.com/NCCloud/tabby-cni/pkg/iptables/iptables.go:141.2,142.16 2 0
github.com/NCCloud/tabby-cni/pkg/iptables/iptables.go:142.16,144.3 1 0
github.com/NCCloud/tabby-cni/pkg/iptables/iptables.go:146.2,146.29 1 0
github.com/NCCloud/tabby-cni/pkg/iptables/iptables.go:146.29,148.10 2 0
github.com/NCCloud/tabby-cni/pkg/iptables/iptables.go:148.10,151.18 3 0
github.com/NCCloud/tabby-cni/pkg/iptables/iptables.go:151.18,153.5 1 0
github.com/NCCloud/tabby-cni/pkg/iptables/iptables.go:156.4,157.18 2 0
github.com/NCCloud/tabby-cni/pkg/iptables/iptables.go:157.18,159.5 1 0
github.com/NCCloud/tabby-cni/pkg/iptables/iptables.go:163.2,163.12 1 0
github.com/NCCloud/tabby-cni/pkg/bridge/bridge.go:25.57,40.41 3 0
github.com/NCCloud/tabby-cni/pkg/bridge/bridge.go:40.41,42.3 1 0
github.com/NCCloud/tabby-cni/pkg/bridge/bridge.go:44.2,44.45 1 0
github.com/NCCloud/tabby-cni/pkg/bridge/bridge.go:44.45,46.3 1 0
github.com/NCCloud/tabby-cni/pkg/bridge/bridge.go:48.2,48.16 1 0
github.com/NCCloud/tabby-cni/pkg/bridge/bridge.go:51.38,54.16 2 0
github.com/NCCloud/tabby-cni/pkg/bridge/bridge.go:54.16,55.38 1 0
github.com/NCCloud/tabby-cni/pkg/bridge/bridge.go:55.38,57.4 1 0
github.com/NCCloud/tabby-cni/pkg/bridge/bridge.go:58.3,58.13 1 0
github.com/NCCloud/tabby-cni/pkg/bridge/bridge.go:61.2,62.16 2 0
github.com/NCCloud/tabby-cni/pkg/bridge/bridge.go:62.16,64.3 1 0
github.com/NCCloud/tabby-cni/pkg/bridge/bridge.go:66.2,66.20 1 0
github.com/NCCloud/tabby-cni/pkg/bridge/bridge.go:66.20,69.37 1 0
github.com/NCCloud/tabby-cni/pkg/bridge/bridge.go:69.37,71.21 2 0
github.com/NCCloud/tabby-cni/pkg/bridge/bridge.go:71.21,73.5 1 0
github.com/NCCloud/tabby-cni/pkg/bridge/bridge.go:75.4,75.35 1 0
github.com/NCCloud/tabby-cni/pkg/bridge/bridge.go:78.3,78.21 1 0
github.com/NCCloud/tabby-cni/pkg/bridge/bridge.go:78.21,80.4 1 0
github.com/NCCloud/tabby-cni/pkg/bridge/bridge.go:83.2,83.43 1 0
github.com/NCCloud/tabby-cni/pkg/bridge/bridge.go:83.43,85.3 1 0
github.com/NCCloud/tabby-cni/pkg/bridge/bridge.go:87.2,87.12 1 0
github.com/NCCloud/tabby-cni/pkg/bridge/bridge.go:90.53,94.16 3 0
github.com/NCCloud/tabby-cni/pkg/bridge/bridge.go:94.16,96.3 1 0
github.com/NCCloud/tabby-cni/pkg/bridge/bridge.go:98.2,98.29 1 0
github.com/NCCloud/tabby-cni/pkg/bridge/bridge.go:98.29,100.3 1 0
github.com/NCCloud/tabby-cni/pkg/bridge/bridge.go:102.2,102.19 1 0
github.com/NCCloud/tabby-cni/pkg/bridge/bridge.go:105.49,106.19 1 0
github.com/NCCloud/tabby-cni/pkg/bridge/bridge.go:106.19,108.3 1 0
github.com/NCCloud/tabby-cni/pkg/bridge/bridge.go:110.2,110.20 1 0
github.com/NCCloud/tabby-cni/pkg/bridge/bridge.go:110.21,112.3 0 0
github.com/NCCloud/tabby-cni/pkg/bridge/bridge.go:112.8,114.3 1 0
github.com/NCCloud/tabby-cni/pkg/bridge/bridge.go:116.2,117.12 2 0
github.com/NCCloud/tabby-cni/pkg/bridge/bridge.go:120.36,122.16 2 0
github.com/NCCloud/tabby-cni/pkg/bridge/bridge.go:122.16,123.38 1 0
github.com/NCCloud/tabby-cni/pkg/bridge/bridge.go:123.38,125.4 1 0
github.com/NCCloud/tabby-cni/pkg/bridge/bridge.go:126.3,126.13 1 0
github.com/NCCloud/tabby-cni/pkg/bridge/bridge.go:130.2,130.27 1 0
github.com/NCCloud/tabby-cni/pkg/bridge/bridge.go:130.27,132.3 1 0
github.com/NCCloud/tabby-cni/pkg/bridge/bridge.go:134.2,134.53 1 0
github.com/NCCloud/tabby-cni/pkg/bridge/bridge.go:134.53,136.3 1 0
github.com/NCCloud/tabby-cni/pkg/bridge/bridge.go:138.2,138.45 1 0
github.com/NCCloud/tabby-cni/pkg/bridge/bridge.go:138.45,140.3 1 0
github.com/NCCloud/tabby-cni/pkg/bridge/bridge.go:142.2,142.12 1 0
github.com/NCCloud/tabby-cni/pkg/bridge/bridge.go:145.72,148.16 2 0
github.com/NCCloud/tabby-cni/pkg/bridge/bridge.go:148.16,150.3 1 0
github.com/NCCloud/tabby-cni/pkg/bridge/bridge.go:152.2,163.41 3 0
github.com/NCCloud/tabby-cni/pkg/bridge/bridge.go:163.41,165.3 1 0
github.com/NCCloud/tabby-cni/pkg/bridge/bridge.go:167.2,167.47 1 0
github.com/NCCloud/tabby-cni/pkg/bridge/bridge.go:167.47,169.3 1 0
github.com/NCCloud/tabby-cni/pkg/bridge/bridge.go:171.2,171.18 1 0
github.com/NCCloud/tabby-cni/pkg/bridge/bridge.go:174.55,177.22 2 0
github.com/NCCloud/tabby-cni/pkg/bridge/bridge.go:177.22,178.17 1 0
github.com/NCCloud/tabby-cni/pkg/bridge/bridge.go:178.17,180.9 2 0
github.com/NCCloud/tabby-cni/pkg/bridge/bridge.go:185.2,185.13 1 0
github.com/NCCloud/tabby-cni/pkg/bridge/bridge.go:185.13,187.3 1 0
github.com/NCCloud/tabby-cni/pkg/bridge/bridge.go:189.2,190.21 2 0
github.com/NCCloud/tabby-cni/pkg/common/config.go:10.26,12.50 2 0
github.com/NCCloud/tabby-cni/pkg/common/config.go:12.50,13.13 1 0
github.com/NCCloud/tabby-cni/pkg/common/config.go:16.2,16.23 1 0
github.com/NCCloud/tabby-cni/api/v1alpha1/network_types.go:94.13,96.2 1 1
github.com/NCCloud/tabby-cni/api/v1alpha1/networkattachment_types.go:65.13,67.2 1 1
github.com/NCCloud/tabby-cni/api/v1alpha1/zz_generated.deepcopy.go:29.45,31.21 2 0
github.com/NCCloud/tabby-cni/api/v1alpha1/zz_generated.deepcopy.go:31.21,35.3 3 0
github.com/NCCloud/tabby-cni/api/v1alpha1/zz_generated.deepcopy.go:39.38,40.15 1 0
github.com/NCCloud/tabby-cni/api/v1alpha1/zz_generated.deepcopy.go:40.15,42.3 1 0
github.com/NCCloud/tabby-cni/api/v1alpha1/zz_generated.deepcopy.go:43.2,45.12 3 0
github.com/NCCloud/tabby-cni/api/v1alpha1/zz_generated.deepcopy.go:49.53,51.22 2 0
github.com/NCCloud/tabby-cni/api/v1alpha1/zz_generated.deepcopy.go:51.22,55.3 3 0
github.com/NCCloud/tabby-cni/api/v1alpha1/zz_generated.deepcopy.go:59.46,60.15 1 0
github.com/NCCloud/tabby-cni/api/v1alpha1/zz_generated.deepcopy.go:60.15,62.3 1 0
github.com/NCCloud/tabby-cni/api/v1alpha1/zz_generated.deepcopy.go:63.2,65.12 3 0
github.com/NCCloud/tabby-cni/api/v1alpha1/zz_generated.deepcopy.go:69.47,75.2 5 0
github.com/NCCloud/tabby-cni/api/v1alpha1/zz_generated.deepcopy.go:78.40,79.15 1 0
github.com/NCCloud/tabby-cni/api/v1alpha1/zz_generated.deepcopy.go:79.15,81.3 1 0
github.com/NCCloud/tabby-cni/api/v1alpha1/zz_generated.deepcopy.go:82.2,84.12 3 0
github.com/NCCloud/tabby-cni/api/v1alpha1/zz_generated.deepcopy.go:88.52,89.34 1 0
github.com/NCCloud/tabby-cni/api/v1alpha1/zz_generated.deepcopy.go:89.34,91.3 1 0
github.com/NCCloud/tabby-cni/api/v1alpha1/zz_generated.deepcopy.go:92.2,92.12 1 0
github.com/NCCloud/tabby-cni/api/v1alpha1/zz_generated.deepcopy.go:96.67,102.2 5 0
github.com/NCCloud/tabby-cni/api/v1alpha1/zz_generated.deepcopy.go:105.60,106.15 1 0
github.com/NCCloud/tabby-cni/api/v1alpha1/zz_generated.deepcopy.go:106.15,108.3 1 0
github.com/NCCloud/tabby-cni/api/v1alpha1/zz_generated.deepcopy.go:109.2,111.12 3 0
github.com/NCCloud/tabby-cni/api/v1alpha1/zz_generated.deepcopy.go:115.62,116.34 1 0
github.com/NCCloud/tabby-cni/api/v1alpha1/zz_generated.deepcopy.go:116.34,118.3 1 0
github.com/NCCloud/tabby-cni/api/v1alpha1/zz_generated.deepcopy.go:119.2,119.12 1 0
github.com/NCCloud/tabby-cni/api/v1alpha1/zz_generated.deepcopy.go:123.75,127.21 4 0
github.com/NCCloud/tabby-cni/api/v1alpha1/zz_generated.deepcopy.go:127.21,130.22 3 0
github.com/NCCloud/tabby-cni/api/v1alpha1/zz_generated.deepcopy.go:130.22,132.4 1 0
github.com/NCCloud/tabby-cni/api/v1alpha1/zz_generated.deepcopy.go:137.68,138.15 1 0
github.com/NCCloud/tabby-cni/api/v1alpha1/zz_generated.deepcopy.go:138.15,140.3 1 0
github.com/NCCloud/tabby-cni/api/v1alpha1/zz_generated.deepcopy.go:141.2,143.12 3 0
github.com/NCCloud/tabby-cni/api/v1alpha1/zz_generated.deepcopy.go:147.66,148.34 1 0
github.com/NCCloud/tabby-cni/api/v1alpha1/zz_generated.deepcopy.go:148.34,150.3 1 0
github.com/NCCloud/tabby-cni/api/v1alpha1/zz_generated.deepcopy.go:151.2,151.12 1 0
github.com/NCCloud/tabby-cni/api/v1alpha1/zz_generated.deepcopy.go:155.75,157.22 2 0
github.com/NCCloud/tabby-cni/api/v1alpha1/zz_generated.deepcopy.go:157.22,160.22 3 0
github.com/NCCloud/tabby-cni/api/v1alpha1/zz_generated.deepcopy.go:160.22,162.4 1 0
github.com/NCCloud/tabby-cni/api/v1alpha1/zz_generated.deepcopy.go:164.2,165.22 2 0
github.com/NCCloud/tabby-cni/api/v1alpha1/zz_generated.deepcopy.go:165.22,169.3 3 0
github.com/NCCloud/tabby-cni/api/v1alpha1/zz_generated.deepcopy.go:170.2,170.29 1 0
github.com/NCCloud/tabby-cni/api/v1alpha1/zz_generated.deepcopy.go:170.29,173.22 3 0
github.com/NCCloud/tabby-cni/api/v1alpha1/zz_generated.deepcopy.go:173.22,175.4 1 0
github.com/NCCloud/tabby-cni/api/v1alpha1/zz_generated.deepcopy.go:180.68,181.15 1 0
github.com/NCCloud/tabby-cni/api/v1alpha1/zz_generated.deepcopy.go:181.15,183.3 1 0
github.com/NCCloud/tabby-cni/api/v1alpha1/zz_generated.deepcopy.go:184.2,186.12 3 0
github.com/NCCloud/tabby-cni/api/v1alpha1/zz_generated.deepcopy.go:190.79,192.2 1 0
github.com/NCCloud/tabby-cni/api/v1alpha1/zz_generated.deepcopy.go:195.72,196.15 1 0
github.com/NCCloud/tabby-cni/api/v1alpha1/zz_generated.deepcopy.go:196.15,198.3 1 0
github.com/NCCloud/tabby-cni/api/v1alpha1/zz_generated.deepcopy.go:199.2,201.12 3 0
github.com/NCCloud/tabby-cni/api/v1alpha1/zz_generated.deepcopy.go:205.55,209.21 4 0
github.com/NCCloud/tabby-cni/api/v1alpha1/zz_generated.deepcopy.go:209.21,212.22 3 0
github.com/NCCloud/tabby-cni/api/v1alpha1/zz_generated.deepcopy.go:212.22,214.4 1 0
github.com/NCCloud/tabby-cni/api/v1alpha1/zz_generated.deepcopy.go:219.48,220.15 1 0
github.com/NCCloud/tabby-cni/api/v1alpha1/zz_generated.deepcopy.go:220.15,222.3 1 0
github.com/NCCloud/tabby-cni/api/v1alpha1/zz_generated.deepcopy.go:223.2,225.12 3 0
github.com/NCCloud/tabby-cni/api/v1alpha1/zz_generated.deepcopy.go:229.56,230.34 1 0
github.com/NCCloud/tabby-cni/api/v1alpha1/zz_generated.deepcopy.go:230.34,232.3 1 0
github.com/NCCloud/tabby-cni/api/v1alpha1/zz_generated.deepcopy.go:233.2,233.12 1 0
github.com/NCCloud/tabby-cni/api/v1alpha1/zz_generated.deepcopy.go:237.55,239.22 2 0
github.com/NCCloud/tabby-cni/api/v1alpha1/zz_generated.deepcopy.go:239.22,242.22 3 0
github.com/NCCloud/tabby-cni/api/v1alpha1/zz_generated.deepcopy.go:242.22,244.4 1 0
github.com/NCCloud/tabby-cni/api/v1alpha1/zz_generated.deepcopy.go:246.2,247.22 2 0
github.com/NCCloud/tabby-cni/api/v1alpha1/zz_generated.deepcopy.go:247.22,251.3 3 0
github.com/NCCloud/tabby-cni/api/v1alpha1/zz_generated.deepcopy.go:252.2,252.29 1 0
github.com/NCCloud/tabby-cni/api/v1alpha1/zz_generated.deepcopy.go:252.29,255.22 3 0
github.com/NCCloud/tabby-cni/api/v1alpha1/zz_generated.deepcopy.go:255.22,257.4 1 0
github.com/NCCloud/tabby-cni/api/v1alpha1/zz_generated.deepcopy.go:262.48,263.15 1 0
github.com/NCCloud/tabby-cni/api/v1alpha1/zz_generated.deepcopy.go:263.15,265.3 1 0
github.com/NCCloud/tabby-cni/api/v1alpha1/zz_generated.deepcopy.go:266.2,268.12 3 0
github.com/NCCloud/tabby-cni/api/v1alpha1/zz_generated.deepcopy.go:272.59,274.2 1 0
github.com/NCCloud/tabby-cni/api/v1alpha1/zz_generated.deepcopy.go:277.52,278.15 1 0
github.com/NCCloud/tabby-cni/api/v1alpha1/zz_generated.deepcopy.go:278.15,280.3 1 0
github.com/NCCloud/tabby-cni/api/v1alpha1/zz_generated.deepcopy.go:281.2,283.12 3 0
github.com/NCCloud/tabby-cni/api/v1alpha1/zz_generated.deepcopy.go:287.41,289.2 1 0
github.com/NCCloud/tabby-cni/api/v1alpha1/zz_generated.deepcopy.go:292.34,293.15 1 0
github.com/NCCloud/tabby-cni/api/v1alpha1/zz_generated.deepcopy.go:293.15,295.3 1 0
github.com/NCCloud/tabby-cni/api/v1alpha1/zz_generated.deepcopy.go:296.2,298.12 3 0
github.com/NCCloud/tabby-cni/api/v1alpha1/zz_generated.deepcopy.go:302.43,304.2 1 0
github.com/NCCloud/tabby-cni/api/v1alpha1/zz_generated.deepcopy.go:307.36,308.15 1 0
github.com/NCCloud/tabby-cni/api/v1alpha1/zz_generated.deepcopy.go:308.15,310.3 1 0
github.com/NCCloud/tabby-cni/api/v1alpha1/zz_generated.deepcopy.go:311.2,313.12 3 0
github.com/NCCloud/tabby-cni/controllers/firewall.go:21.65,24.67 2 0
github.com/NCCloud/tabby-cni/controllers/firewall.go:24.67,26.3 1 0
github.com/NCCloud/tabby-cni/controllers/firewall.go:28.2,29.67 2 0
github.com/NCCloud/tabby-cni/controllers/firewall.go:29.67,31.3 1 0
github.com/NCCloud/tabby-cni/controllers/firewall.go:33.2,33.59 1 0
github.com/NCCloud/tabby-cni/controllers/firewall.go:33.59,35.3 1 0
github.com/NCCloud/tabby-cni/controllers/firewall.go:39.2,41.50 2 0
github.com/NCCloud/tabby-cni/controllers/firewall.go:41.50,43.3 1 0
github.com/NCCloud/tabby-cni/controllers/firewall.go:45.2,45.108 1 0
github.com/NCCloud/tabby-cni/controllers/firewall.go:45.108,47.3 1 0
github.com/NCCloud/tabby-cni/controllers/firewall.go:51.2,51.106 1 0
github.com/NCCloud/tabby-cni/controllers/firewall.go:51.106,53.3 1 0
github.com/NCCloud/tabby-cni/controllers/firewall.go:55.2,55.12 1 0
github.com/NCCloud/tabby-cni/controllers/firewall.go:58.65,60.67 1 0
github.com/NCCloud/tabby-cni/controllers/firewall.go:60.67,62.3 1 0
github.com/NCCloud/tabby-cni/controllers/firewall.go:64.2,64.59 1 0
github.com/NCCloud/tabby-cni/controllers/firewall.go:64.59,66.3 1 0
github.com/NCCloud/tabby-cni/controllers/firewall.go:68.2,68.12 1 0
github.com/NCCloud/tabby-cni/controllers/network.go:17.38,18.12 1 0
github.com/NCCloud/tabby-cni/controllers/network.go:18.12,20.3 1 0
github.com/NCCloud/tabby-cni/controllers/network.go:21.2,21.26 1 0
github.com/NCCloud/tabby-cni/controllers/network.go:21.26,23.3 1 0
github.com/NCCloud/tabby-cni/controllers/network.go:24.2,24.23 1 0
github.com/NCCloud/tabby-cni/controllers/network.go:24.23,26.3 1 0
github.com/NCCloud/tabby-cni/controllers/network.go:27.2,27.43 1 0
github.com/NCCloud/tabby-cni/controllers/network.go:27.43,29.3 1 0
github.com/NCCloud/tabby-cni/controllers/network.go:30.2,30.13 1 0
github.com/NCCloud/tabby-cni/controllers/network.go:33.46,38.16 4 0
github.com/NCCloud/tabby-cni/controllers/network.go:38.16,40.3 1 0
github.com/NCCloud/tabby-cni/controllers/network.go:42.2,44.15 2 0
github.com/NCCloud/tabby-cni/controllers/network.go:44.15,46.17 2 0
github.com/NCCloud/tabby-cni/controllers/network.go:46.17,48.4 1 0
github.com/NCCloud/tabby-cni/controllers/network.go:49.3,49.83 1 0
github.com/NCCloud/tabby-cni/controllers/network.go:50.8,52.3 1 0
github.com/NCCloud/tabby-cni/controllers/network.go:54.2,56.20 2 0
github.com/NCCloud/tabby-cni/controllers/network.go:56.20,58.17 2 0
github.com/NCCloud/tabby-cni/controllers/network.go:58.17,60.4 1 0
github.com/NCCloud/tabby-cni/controllers/network.go:62.3,63.17 2 0
github.com/NCCloud/tabby-cni/controllers/network.go:63.17,65.4 1 0
github.com/NCCloud/tabby-cni/controllers/network.go:67.3,67.31 1 0
github.com/NCCloud/tabby-cni/controllers/network.go:67.31,68.29 1 0
github.com/NCCloud/tabby-cni/controllers/network.go:68.29,70.5 1 0
github.com/NCCloud/tabby-cni/controllers/network.go:73.3,73.20 1 0
github.com/NCCloud/tabby-cni/controllers/network.go:73.20,75.4 1 0
github.com/NCCloud/tabby-cni/controllers/network.go:77.3,77.21 1 0
github.com/NCCloud/tabby-cni/controllers/network.go:80.2,83.41 3 0
github.com/NCCloud/tabby-cni/controllers/network.go:83.41,85.3 1 0
github.com/NCCloud/tabby-cni/controllers/network.go:87.2,87.12 1 0
github.com/NCCloud/tabby-cni/controllers/network.go:90.92,95.42 2 0
github.com/NCCloud/tabby-cni/controllers/network.go:95.42,97.17 2 0
github.com/NCCloud/tabby-cni/controllers/network.go:97.17,99.4 1 0
github.com/NCCloud/tabby-cni/controllers/network.go:101.3,101.47 1 0
github.com/NCCloud/tabby-cni/controllers/network.go:101.47,103.18 2 0
github.com/NCCloud/tabby-cni/controllers/network.go:103.18,106.5 2 0
github.com/NCCloud/tabby-cni/controllers/network.go:109.4,109.58 1 0
github.com/NCCloud/tabby-cni/controllers/network.go:109.58,112.5 2 0
github.com/NCCloud/tabby-cni/controllers/network.go:117.2,117.36 1 0
github.com/NCCloud/tabby-cni/controllers/network.go:117.36,118.41 1 0
github.com/NCCloud/tabby-cni/controllers/network.go:118.41,121.4 2 0
github.com/NCCloud/tabby-cni/controllers/network.go:125.2,125.25 1 0
github.com/NCCloud/tabby-cni/controllers/network.go:125.25,126.56 1 0
github.com/NCCloud/tabby-cni/controllers/network.go:126.56,129.4 2 0
github.com/NCCloud/tabby-cni/controllers/network.go:132.2,132.12 1 0
github.com/NCCloud/tabby-cni/controllers/network.go:135.92,138.33 2 0
github.com/NCCloud/tabby-cni/controllers/network.go:138.33,139.33 1 0
github.com/NCCloud/tabby-cni/controllers/network.go:139.33,142.22 2 0
github.com/NCCloud/tabby-cni/controllers/network.go:142.22,144.5 1 0
github.com/NCCloud/tabby-cni/controllers/network.go:146.4,146.51 1 0
github.com/NCCloud/tabby-cni/controllers/network.go:146.51,149.5 2 0
github.com/NCCloud/tabby-cni/controllers/network.go:153.3,153.66 1 0
github.com/NCCloud/tabby-cni/controllers/network.go:153.66,155.4 1 0
github.com/NCCloud/tabby-cni/controllers/network.go:159.2,159.25 1 0
github.com/NCCloud/tabby-cni/controllers/network.go:159.25,160.56 1 0
github.com/NCCloud/tabby-cni/controllers/network.go:160.56,162.4 1 0
github.com/NCCloud/tabby-cni/controllers/network.go:167.2,167.12 1 0
github.com/NCCloud/tabby-cni/controllers/network_attachment_controller.go:58.109,64.16 4 0
github.com/NCCloud/tabby-cni/controllers/network_attachment_controller.go:64.16,67.3 2 0
github.com/NCCloud/tabby-cni/controllers/network_attachment_controller.go:69.2,71.16 3 0
github.com/NCCloud/tabby-cni/controllers/network_attachment_controller.go:71.16,72.29 1 0
github.com/NCCloud/tabby-cni/controllers/network_attachment_controller.go:72.29,75.4 2 0
github.com/NCCloud/tabby-cni/controllers/network_attachment_controller.go:76.3,76.28 1 0
github.com/NCCloud/tabby-cni/controllers/network_attachment_controller.go:79.2,79.49 1 0
github.com/NCCloud/tabby-cni/controllers/network_attachment_controller.go:79.49,81.3 1 0
github.com/NCCloud/tabby-cni/controllers/network_attachment_controller.go:83.2,84.32 2 0
github.com/NCCloud/tabby-cni/controllers/network_attachment_controller.go:84.32,85.86 1 0
github.com/NCCloud/tabby-cni/controllers/network_attachment_controller.go:85.86,92.76 1 0
github.com/NCCloud/tabby-cni/controllers/network_attachment_controller.go:92.76,95.5 2 0
github.com/NCCloud/tabby-cni/controllers/network_attachment_controller.go:97.4,99.69 2 0
github.com/NCCloud/tabby-cni/controllers/network_attachment_controller.go:99.69,102.5 2 0
github.com/NCCloud/tabby-cni/controllers/network_attachment_controller.go:104.4,104.45 1 0
github.com/NCCloud/tabby-cni/controllers/network_attachment_controller.go:104.45,105.75 1 0
github.com/NCCloud/tabby-cni/controllers/network_attachment_controller.go:105.75,107.6 1 0
github.com/NCCloud/tabby-cni/controllers/network_attachment_controller.go:110.4,111.96 2 0
github.com/NCCloud/tabby-cni/controllers/network_attachment_controller.go:111.96,114.5 2 0
github.com/NCCloud/tabby-cni/controllers/network_attachment_controller.go:116.4,116.59 1 0
github.com/NCCloud/tabby-cni/controllers/network_attachment_controller.go:116.59,119.5 2 0
github.com/NCCloud/tabby-cni/controllers/network_attachment_controller.go:121.3,121.28 1 0
github.com/NCCloud/tabby-cni/controllers/network_attachment_controller.go:124.2,124.86 1 0
github.com/NCCloud/tabby-cni/controllers/network_attachment_controller.go:124.86,126.92 2 0
github.com/NCCloud/tabby-cni/controllers/network_attachment_controller.go:126.92,129.4 2 0
github.com/NCCloud/tabby-cni/controllers/network_attachment_controller.go:131.3,131.57 1 0
github.com/NCCloud/tabby-cni/controllers/network_attachment_controller.go:131.57,134.4 2 0
github.com/NCCloud/tabby-cni/controllers/network_attachment_controller.go:137.2,137.47 1 0
github.com/NCCloud/tabby-cni/controllers/network_attachment_controller.go:137.47,139.3 1 0
github.com/NCCloud/tabby-cni/controllers/network_attachment_controller.go:141.2,141.67 1 0
github.com/NCCloud/tabby-cni/controllers/network_attachment_controller.go:141.67,143.3 1 0
github.com/NCCloud/tabby-cni/controllers/network_attachment_controller.go:145.2,145.53 1 0
github.com/NCCloud/tabby-cni/controllers/network_attachment_controller.go:145.53,147.3 1 0
github.com/NCCloud/tabby-cni/controllers/network_attachment_controller.go:149.2,149.27 1 0
github.com/NCCloud/tabby-cni/controllers/network_attachment_controller.go:152.102,155.74 2 0
github.com/NCCloud/tabby-cni/controllers/network_attachment_controller.go:155.74,158.3 2 0
github.com/NCCloud/tabby-cni/controllers/network_attachment_controller.go:160.2,161.16 2 0
github.com/NCCloud/tabby-cni/controllers/network_attachment_controller.go:161.16,164.3 2 0
github.com/NCCloud/tabby-cni/controllers/network_attachment_controller.go:166.2,168.56 2 0
github.com/NCCloud/tabby-cni/controllers/network_attachment_controller.go:168.56,171.3 2 0
github.com/NCCloud/tabby-cni/controllers/network_attachment_controller.go:172.2,172.12 1 0
github.com/NCCloud/tabby-cni/controllers/network_attachment_controller.go:175.134,200.2 1 0
github.com/NCCloud/tabby-cni/controllers/network_attachment_controller.go:202.61,205.9 2 0
github.com/NCCloud/tabby-cni/controllers/network_attachment_controller.go:205.9,207.3 1 0
github.com/NCCloud/tabby-cni/controllers/network_attachment_controller.go:208.2,209.9 2 0
github.com/NCCloud/tabby-cni/controllers/network_attachment_controller.go:209.9,211.3 1 0
github.com/NCCloud/tabby-cni/controllers/network_attachment_controller.go:213.2,213.59 1 0
github.com/NCCloud/tabby-cni/controllers/network_attachment_controller.go:213.59,215.3 1 0
github.com/NCCloud/tabby-cni/controllers/network_attachment_controller.go:217.2,217.87 1 0
github.com/NCCloud/tabby-cni/controllers/network_attachment_controller.go:217.87,219.3 1 0
github.com/NCCloud/tabby-cni/controllers/network_attachment_controller.go:221.2,221.13 1 0
github.com/NCCloud/tabby-cni/controllers/network_attachment_controller.go:225.80,228.46 1 0
github.com/NCCloud/tabby-cni/controllers/network_attachment_controller.go:228.46,230.4 1 0
github.com/NCCloud/tabby-cni/controllers/network_attachment_controller.go:233.2,236.14 1 0
github.com/NCCloud/tabby-cni/controllers/network_attachment_diff.go:17.96,23.74 4 0
github.com/NCCloud/tabby-cni/controllers/network_attachment_diff.go:23.74,26.3 2 0
github.com/NCCloud/tabby-cni/controllers/network_attachment_diff.go:28.2,29.24 2 0
github.com/NCCloud/tabby-cni/controllers/network_attachment_diff.go:29.24,31.3 1 0
github.com/NCCloud/tabby-cni/controllers/network_attachment_diff.go:33.2,35.20 2 0
github.com/NCCloud/tabby-cni/controllers/network_attachment_diff.go:35.20,37.3 1 0
github.com/NCCloud/tabby-cni/controllers/network_attachment_diff.go:39.2,40.16 2 0
github.com/NCCloud/tabby-cni/controllers/network_attachment_diff.go:40.16,43.3 2 0
github.com/NCCloud/tabby-cni/controllers/network_attachment_diff.go:45.2,46.16 2 0
github.com/NCCloud/tabby-cni/controllers/network_attachment_diff.go:46.16,49.3 2 0
github.com/NCCloud/tabby-cni/controllers/network_attachment_diff.go:51.2,51.30 1 0
github.com/NCCloud/tabby-cni/controllers/network_attachment_diff.go:51.30,52.45 1 0
github.com/NCCloud/tabby-cni/controllers/network_attachment_diff.go:52.45,56.4 2 0
github.com/NCCloud/tabby-cni/controllers/network_attachment_diff.go:62.2,62.12 1 0
github.com/NCCloud/tabby-cni/controllers/network_attachment_diff.go:65.87,69.16 3 0
github.com/NCCloud/tabby-cni/controllers/network_attachment_diff.go:69.16,72.3 2 0
github.com/NCCloud/tabby-cni/controllers/network_attachment_diff.go:74.2,74.35 1 0
github.com/NCCloud/tabby-cni/controllers/network_attachment_diff.go:74.35,77.57 2 0
github.com/NCCloud/tabby-cni/controllers/network_attachment_diff.go:77.57,78.34 1 0
github.com/NCCloud/tabby-cni/controllers/network_attachment_diff.go:78.34,82.19 3 0
github.com/NCCloud/tabby-cni/controllers/network_attachment_diff.go:82.19,85.6 2 0
github.com/NCCloud/tabby-cni/controllers/network_attachment_diff.go:86.5,87.19 2 0
github.com/NCCloud/tabby-cni/controllers/network_attachment_diff.go:87.19,90.6 2 0
github.com/NCCloud/tabby-cni/controllers/network_attachment_diff.go:92.5,95.42 3 0
github.com/NCCloud/tabby-cni/controllers/network_attachment_diff.go:95.42,97.6 1 0
github.com/NCCloud/tabby-cni/controllers/network_attachment_diff.go:101.2,101.19 1 0
github.com/NCCloud/tabby-cni/controllers/network_attachment_diff.go:104.42,106.16 2 0
github.com/NCCloud/tabby-cni/controllers/network_attachment_diff.go:106.16,109.3 2 0
github.com/NCCloud/tabby-cni/controllers/network_attachment_diff.go:110.2,110.15 1 0
github.com/NCCloud/tabby-cni/controllers/network_controller.go:60.99,68.16 6 0
github.com/NCCloud/tabby-cni/controllers/network_controller.go:68.16,71.3 2 0
github.com/NCCloud/tabby-cni/controllers/network_controller.go:73.2,75.16 3 0
github.com/NCCloud/tabby-cni/controllers/network_controller.go:75.16,76.29 1 0
github.com/NCCloud/tabby-cni/controllers/network_controller.go:76.29,79.4 2 0
github.com/NCCloud/tabby-cni/controllers/network_controller.go:80.3,80.28 1 0
github.com/NCCloud/tabby-cni/controllers/network_controller.go:83.2,83.42 1 0
github.com/NCCloud/tabby-cni/controllers/network_controller.go:83.42,85.3 1 0
github.com/NCCloud/tabby-cni/controllers/network_controller.go:85.8,88.17 2 0
github.com/NCCloud/tabby-cni/controllers/network_controller.go:88.17,90.4 1 0
github.com/NCCloud/tabby-cni/controllers/network_controller.go:92.3,93.48 2 0
github.com/NCCloud/tabby-cni/controllers/network_controller.go:93.48,97.4 3 0
github.com/NCCloud/tabby-cni/controllers/network_controller.go:99.3,99.31 1 0
github.com/NCCloud/tabby-cni/controllers/network_controller.go:99.31,100.30 1 0
github.com/NCCloud/tabby-cni/controllers/network_controller.go:100.30,102.5 1 0
github.com/NCCloud/tabby-cni/controllers/network_controller.go:106.2,106.15 1 0
github.com/NCCloud/tabby-cni/controllers/network_controller.go:106.15,110.43 3 0
github.com/NCCloud/tabby-cni/controllers/network_controller.go:110.43,114.18 3 0
github.com/NCCloud/tabby-cni/controllers/network_controller.go:114.18,116.5 1 0
github.com/NCCloud/tabby-cni/controllers/network_controller.go:118.4,118.59 1 0
github.com/NCCloud/tabby-cni/controllers/network_controller.go:118.59,121.5 2 0
github.com/NCCloud/tabby-cni/controllers/network_controller.go:123.4,123.29 1 0
github.com/NCCloud/tabby-cni/controllers/network_controller.go:124.9,124.24 1 0
github.com/NCCloud/tabby-cni/controllers/network_controller.go:124.24,127.4 2 0
github.com/NCCloud/tabby-cni/controllers/network_controller.go:129.3,129.77 1 0
github.com/NCCloud/tabby-cni/controllers/network_controller.go:129.77,132.4 2 0
github.com/NCCloud/tabby-cni/controllers/network_controller.go:134.3,134.77 1 0
github.com/NCCloud/tabby-cni/controllers/network_controller.go:134.77,137.4 2 0
github.com/NCCloud/tabby-cni/controllers/network_controller.go:139.3,139.77 1 0
github.com/NCCloud/tabby-cni/controllers/network_controller.go:139.77,142.4 2 0
github.com/NCCloud/tabby-cni/controllers/network_controller.go:144.3,144.23 1 0
github.com/NCCloud/tabby-cni/controllers/network_controller.go:144.23,147.59 2 0
github.com/NCCloud/tabby-cni/controllers/network_controller.go:147.59,150.5 2 0
github.com/NCCloud/tabby-cni/controllers/network_controller.go:154.2,154.27 1 0
github.com/NCCloud/tabby-cni/controllers/network_controller.go:157.98,161.16 3 0
github.com/NCCloud/tabby-cni/controllers/network_controller.go:161.16,164.3 2 0
github.com/NCCloud/tabby-cni/controllers/network_controller.go:167.2,167.35 1 0
github.com/NCCloud/tabby-cni/controllers/network_controller.go:167.35,168.28 1 0
github.com/NCCloud/tabby-cni/controllers/network_controller.go:168.28,170.4 1 0
github.com/NCCloud/tabby-cni/controllers/network_controller.go:173.2,173.17 1 0
github.com/NCCloud/tabby-cni/controllers/network_controller.go:177.70,181.2 1 0
github.com/NCCloud/tabby-cni/controllers/network_controller.go:183.36,187.16 3 0
github.com/NCCloud/tabby-cni/controllers/network_controller.go:187.16,189.17 2 0
github.com/NCCloud/tabby-cni/controllers/network_controller.go:189.17,192.4 2 0
github.com/NCCloud/tabby-cni/controllers/network_controller.go:194.2,194.18 1 0
github.com/NCCloud/tabby-cni/controllers/vm_migration_controller.go:45.106,52.16 5 0
github.com/NCCloud/tabby-cni/controllers/vm_migration_controller.go:52.16,54.3 1 0
github.com/NCCloud/tabby-cni/controllers/vm_migration_controller.go:56.2,58.40 2 0
github.com/NCCloud/tabby-cni/controllers/vm_migration_controller.go:58.40,61.27 2 0
github.com/NCCloud/tabby-cni/controllers/vm_migration_controller.go:61.27,62.12 1 0
github.com/NCCloud/tabby-cni/controllers/vm_migration_controller.go:65.3,69.17 4 0
github.com/NCCloud/tabby-cni/controllers/vm_migration_controller.go:69.17,71.4 1 0
github.com/NCCloud/tabby-cni/controllers/vm_migration_controller.go:73.3,75.29 2 0
github.com/NCCloud/tabby-cni/controllers/vm_migration_controller.go:75.29,76.12 1 0
github.com/NCCloud/tabby-cni/controllers/vm_migration_controller.go:80.3,87.17 4 0
github.com/NCCloud/tabby-cni/controllers/vm_migration_controller.go:87.17,89.4 1 0
github.com/NCCloud/tabby-cni/controllers/vm_migration_controller.go:93.2,93.27 1 0
github.com/NCCloud/tabby-cni/controllers/vm_migration_controller.go:98.72,104.32 3 0
github.com/NCCloud/tabby-cni/controllers/vm_migration_controller.go:104.32,107.3 2 0
github.com/NCCloud/tabby-cni/controllers/vm_migration_controller.go:107.8,109.3 1 0
github.com/NCCloud/tabby-cni/controllers/vm_migration_controller.go:111.2,111.30 1 0
github.com/NCCloud/tabby-cni/controllers/vm_migration_controller.go:115.66,118.38 1 0
github.com/NCCloud/tabby-cni/controllers/vm_migration_controller.go:118.38,120.3 1 0
github.com/NCCloud/tabby-cni/controllers/vm_migration_controller.go:121.2,126.47 3 0
github.com/NCCloud/tabby-cni/controllers/vm_migration_controller.go:129.68,132.9 2 0
github.com/NCCloud/tabby-cni/controllers/vm_migration_controller.go:132.9,134.3 1 0
github.com/NCCloud/tabby-cni/controllers/vm_migration_controller.go:136.2,137.9 2 0
github.com/NCCloud/tabby-cni/controllers/vm_migration_controller.go:137.9,139.3 1 0
github.com/NCCloud/tabby-cni/controllers/vm_migration_controller.go:141.2,145.29 3 0
github.com/NCCloud/tabby-cni/controllers/vm_migration_controller.go:145.29,147.3 1 0
github.com/NCCloud/tabby-cni/controllers/vm_migration_controller.go:150.2,150.54 1 0
github.com/NCCloud/tabby-cni/controllers/vm_migration_controller.go:150.54,152.3 1 0
github.com/NCCloud/tabby-cni/controllers/vm_migration_controller.go:154.2,155.16 2 0
github.com/NCCloud/tabby-cni/controllers/vm_migration_controller.go:155.16,158.3 2 0
github.com/NCCloud/tabby-cni/controllers/vm_migration_controller.go:162.2,162.79 1 0
github.com/NCCloud/tabby-cni/controllers/vm_migration_controller.go:162.79,164.3 1 0
github.com/NCCloud/tabby-cni/controllers/vm_migration_controller.go:166.2,168.13 3 0
github.com/NCCloud/tabby-cni/controllers/vm_migration_controller.go:172.77,175.46 1 0
github.com/NCCloud/tabby-cni/controllers/vm_migration_controller.go:175.46,177.4 1 0
github.com/NCCloud/tabby-cni/controllers/vm_migration_controller.go:178.46,180.4 1 0
github.com/NCCloud/tabby-cni/controllers/vm_migration_controller.go:181.46,183.4 1 0
github.com/NCCloud/tabby-cni/controllers/vm_migration_controller.go:184.48,186.4 1 0
github.com/NCCloud/tabby-cni/controllers/vm_migration_controller.go:189.2,192.14 1 0
github.com/NCCloud/tabby-cni/pkg/bridge/bridge.go:25.57,40.41 3 0
github.com/NCCloud/tabby-cni/pkg/bridge/bridge.go:40.41,42.3 1 0
github.com/NCCloud/tabby-cni/pkg/bridge/bridge.go:44.2,44.45 1 0
github.com/NCCloud/tabby-cni/pkg/bridge/bridge.go:44.45,46.3 1 0
github.com/NCCloud/tabby-cni/pkg/bridge/bridge.go:48.2,48.16 1 0
github.com/NCCloud/tabby-cni/pkg/bridge/bridge.go:51.38,54.16 2 0
github.com/NCCloud/tabby-cni/pkg/bridge/bridge.go:54.16,55.38 1 0
github.com/NCCloud/tabby-cni/pkg/bridge/bridge.go:55.38,57.4 1 0
github.com/NCCloud/tabby-cni/pkg/bridge/bridge.go:58.3,58.13 1 0
github.com/NCCloud/tabby-cni/pkg/bridge/bridge.go:61.2,62.16 2 0
github.com/NCCloud/tabby-cni/pkg/bridge/bridge.go:62.16,64.3 1 0
github.com/NCCloud/tabby-cni/pkg/bridge/bridge.go:66.2,66.20 1 0
github.com/NCCloud/tabby-cni/pkg/bridge/bridge.go:66.20,69.37 1 0
github.com/NCCloud/tabby-cni/pkg/bridge/bridge.go:69.37,71.21 2 0
github.com/NCCloud/tabby-cni/pkg/bridge/bridge.go:71.21,73.5 1 0
github.com/NCCloud/tabby-cni/pkg/bridge/bridge.go:75.4,75.35 1 0
github.com/NCCloud/tabby-cni/pkg/bridge/bridge.go:78.3,78.21 1 0
github.com/NCCloud/tabby-cni/pkg/bridge/bridge.go:78.21,80.4 1 0
github.com/NCCloud/tabby-cni/pkg/bridge/bridge.go:83.2,83.43 1 0
github.com/NCCloud/tabby-cni/pkg/bridge/bridge.go:83.43,85.3 1 0
github.com/NCCloud/tabby-cni/pkg/bridge/bridge.go:87.2,87.12 1 0
github.com/NCCloud/tabby-cni/pkg/bridge/bridge.go:90.53,94.16 3 0
github.com/NCCloud/tabby-cni/pkg/bridge/bridge.go:94.16,96.3 1 0
github.com/NCCloud/tabby-cni/pkg/bridge/bridge.go:98.2,98.29 1 0
github.com/NCCloud/tabby-cni/pkg/bridge/bridge.go:98.29,100.3 1 0
github.com/NCCloud/tabby-cni/pkg/bridge/bridge.go:102.2,102.19 1 0
github.com/NCCloud/tabby-cni/pkg/bridge/bridge.go:105.49,106.19 1 0
github.com/NCCloud/tabby-cni/pkg/bridge/bridge.go:106.19,108.3 1 0
github.com/NCCloud/tabby-cni/pkg/bridge/bridge.go:110.2,110.20 1 0
github.com/NCCloud/tabby-cni/pkg/bridge/bridge.go:110.21,112.3 0 0
github.com/NCCloud/tabby-cni/pkg/bridge/bridge.go:112.8,114.3 1 0
github.com/NCCloud/tabby-cni/pkg/bridge/bridge.go:116.2,117.12 2 0
github.com/NCCloud/tabby-cni/pkg/bridge/bridge.go:120.36,122.16 2 0
github.com/NCCloud/tabby-cni/pkg/bridge/bridge.go:122.16,123.38 1 0
github.com/NCCloud/tabby-cni/pkg/bridge/bridge.go:123.38,125.4 1 0
github.com/NCCloud/tabby-cni/pkg/bridge/bridge.go:126.3,126.13 1 0
github.com/NCCloud/tabby-cni/pkg/bridge/bridge.go:130.2,130.27 1 0
github.com/NCCloud/tabby-cni/pkg/bridge/bridge.go:130.27,132.3 1 0
github.com/NCCloud/tabby-cni/pkg/bridge/bridge.go:134.2,134.53 1 0
github.com/NCCloud/tabby-cni/pkg/bridge/bridge.go:134.53,136.3 1 0
github.com/NCCloud/tabby-cni/pkg/bridge/bridge.go:138.2,138.45 1 0
github.com/NCCloud/tabby-cni/pkg/bridge/bridge.go:138.45,140.3 1 0
github.com/NCCloud/tabby-cni/pkg/bridge/bridge.go:142.2,142.12 1 0
github.com/NCCloud/tabby-cni/pkg/bridge/bridge.go:145.72,148.16 2 0
github.com/NCCloud/tabby-cni/pkg/bridge/bridge.go:148.16,150.3 1 0
github.com/NCCloud/tabby-cni/pkg/bridge/bridge.go:152.2,163.41 3 0
github.com/NCCloud/tabby-cni/pkg/bridge/bridge.go:163.41,165.3 1 0
github.com/NCCloud/tabby-cni/pkg/bridge/bridge.go:167.2,167.47 1 0
github.com/NCCloud/tabby-cni/pkg/bridge/bridge.go:167.47,169.3 1 0
github.com/NCCloud/tabby-cni/pkg/bridge/bridge.go:171.2,171.18 1 0
github.com/NCCloud/tabby-cni/pkg/bridge/bridge.go:174.55,177.22 2 0
github.com/NCCloud/tabby-cni/pkg/bridge/bridge.go:177.22,178.17 1 0
github.com/NCCloud/tabby-cni/pkg/bridge/bridge.go:178.17,180.9 2 0
github.com/NCCloud/tabby-cni/pkg/bridge/bridge.go:185.2,185.13 1 0
github.com/NCCloud/tabby-cni/pkg/bridge/bridge.go:185.13,187.3 1 0
github.com/NCCloud/tabby-cni/pkg/bridge/bridge.go:189.2,190.21 2 0
github.com/NCCloud/tabby-cni/pkg/ebtables/ebtables.go:16.69,18.60 2 0
github.com/NCCloud/tabby-cni/pkg/ebtables/ebtables.go:18.60,19.38 1 0
github.com/NCCloud/tabby-cni/pkg/ebtables/ebtables.go:19.38,21.4 1 0
github.com/NCCloud/tabby-cni/pkg/ebtables/ebtables.go:23.2,23.14 1 0
github.com/NCCloud/tabby-cni/pkg/ebtables/ebtables.go:26.83,28.2 1 0
github.com/NCCloud/tabby-cni/pkg/ebtables/ebtables.go:30.36,34.16 3 0
github.com/NCCloud/tabby-cni/pkg/ebtables/ebtables.go:34.16,36.3 1 0
github.com/NCCloud/tabby-cni/pkg/ebtables/ebtables.go:38.2,40.11 2 0
github.com/NCCloud/tabby-cni/pkg/ebtables/ebtables.go:40.11,46.3 1 0
github.com/NCCloud/tabby-cni/pkg/ebtables/ebtables.go:46.8,56.17 5 0
github.com/NCCloud/tabby-cni/pkg/ebtables/ebtables.go:56.17,58.4 1 0
github.com/NCCloud/tabby-cni/pkg/ebtables/ebtables.go:61.2,61.12 1 0
github.com/NCCloud/tabby-cni/pkg/ebtables/ebtables.go:64.46,67.16 3 0
github.com/NCCloud/tabby-cni/pkg/ebtables/ebtables.go:67.16,69.3 1 0
github.com/NCCloud/tabby-cni/pkg/ebtables/ebtables.go:71.2,71.59 1 0
github.com/NCCloud/tabby-cni/pkg/ebtables/ebtables.go:71.59,72.37 1 0
github.com/NCCloud/tabby-cni/pkg/ebtables/ebtables.go:72.37,73.61 1 0
github.com/NCCloud/tabby-cni/pkg/ebtables/ebtables.go:73.61,76.5 1 0
github.com/NCCloud/tabby-cni/pkg/ebtables/ebtables.go:80.2,80.12 1 0
github.com/NCCloud/tabby-cni/pkg/ebtables/ebtables.go:83.36,88.16 5 0
github.com/NCCloud/tabby-cni/pkg/ebtables/ebtables.go:88.16,90.3 1 0
github.com/NCCloud/tabby-cni/pkg/ebtables/ebtables.go:91.2,91.12 1 0
github.com/NCCloud/tabby-cni/pkg/iptables/iptables.go:24.39,27.23 2 0
github.com/NCCloud/tabby-cni/pkg/iptables/iptables.go:27.23,29.3 1 0
github.com/NCCloud/tabby-cni/pkg/iptables/iptables.go:31.2,31.28 1 0
github.com/NCCloud/tabby-cni/pkg/iptables/iptables.go:31.28,33.3 1 0
github.com/NCCloud/tabby-cni/pkg/iptables/iptables.go:35.2,35.23 1 0
github.com/NCCloud/tabby-cni/pkg/iptables/iptables.go:35.23,37.3 1 0
github.com/NCCloud/tabby-cni/pkg/iptables/iptables.go:39.2,39.24 1 0
github.com/NCCloud/tabby-cni/pkg/iptables/iptables.go:39.24,41.3 1 0
github.com/NCCloud/tabby-cni/pkg/iptables/iptables.go:43.2,43.24 1 0
github.com/NCCloud/tabby-cni/pkg/iptables/iptables.go:43.24,45.3 1 0
github.com/NCCloud/tabby-cni/pkg/iptables/iptables.go:47.2,47.20 1 0
github.com/NCCloud/tabby-cni/pkg/iptables/iptables.go:50.87,57.25 2 0
github.com/NCCloud/tabby-cni/pkg/iptables/iptables.go:57.25,59.17 2 0
github.com/NCCloud/tabby-cni/pkg/iptables/iptables.go:59.17,61.4 1 0
github.com/NCCloud/tabby-cni/pkg/iptables/iptables.go:63.3,64.28 2 0
github.com/NCCloud/tabby-cni/pkg/iptables/iptables.go:64.28,66.4 1 0
github.com/NCCloud/tabby-cni/pkg/iptables/iptables.go:68.3,69.27 2 0
github.com/NCCloud/tabby-cni/pkg/iptables/iptables.go:76.2,92.16 3 0
github.com/NCCloud/tabby-cni/pkg/iptables/iptables.go:92.16,94.3 1 0
github.com/NCCloud/tabby-cni/pkg/iptables/iptables.go:96.2,98.27 2 0
github.com/NCCloud/tabby-cni/pkg/iptables/iptables.go:98.27,106.3 1 0
github.com/NCCloud/tabby-cni/pkg/iptables/iptables.go:108.2,108.28 1 0
github.com/NCCloud/tabby-cni/pkg/iptables/iptables.go:108.28,112.12 3 0
github.com/NCCloud/tabby-cni/pkg/iptables/iptables.go:112.12,118.4 1 0
github.com/NCCloud/tabby-cni/pkg/iptables/iptables.go:118.9,126.18 3 0
github.com/NCCloud/tabby-cni/pkg/iptables/iptables.go:126.18,128.5 1 0
github.com/NCCloud/tabby-cni/pkg/iptables/iptables.go:132.2,132.12 1 0
github.com/NCCloud/tabby-cni/pkg/iptables/iptables.go:135.36,137.16 2 0
github.com/NCCloud/tabby-cni/pkg/iptables/iptables.go:137.16,139.3 1 0
github.com/NCCloud/tabby-cni/pkg/iptables/iptables.go:141.2,142.16 2 0
github.com/NCCloud/tabby-cni/pkg/iptables/iptables.go:142.16,144.3 1 0
github.com/NCCloud/tabby-cni/pkg/iptables/iptables.go:146.2,146.29 1 0
github.com/NCCloud/tabby-cni/pkg/iptables/iptables.go:146.29,148.10 2 0
github.com/NCCloud/tabby-cni/pkg/iptables/iptables.go:148.10,151.18 3 0
github.com/NCCloud/tabby-cni/pkg/iptables/iptables.go:151.18,153.5 1 0
github.com/NCCloud/tabby-cni/pkg/iptables/iptables.go:156.4,157.18 2 0
github.com/NCCloud/tabby-cni/pkg/iptables/iptables.go:157.18,159.5 1 0
github.com/NCCloud/tabby-cni/pkg/iptables/iptables.go:163.2,163.12 1 0
